c:\users\hp\source\repos\spectr9600\spectr9600\debug\vc141.pdb
c:\users\hp\source\repos\spectr9600\spectr9600\debug\transmit.obj
c:\users\hp\source\repos\spectr9600\spectr9600\debug\receive.obj
c:\users\hp\source\repos\spectr9600\spectr9600\debug\port.obj
c:\users\hp\source\repos\spectr9600\spectr9600\debug\myform.obj
c:\users\hp\source\repos\spectr9600\spectr9600\debug\.netframework,version=v4.6.1.assemblyattributes.obj
c:\users\hp\source\repos\spectr9600\spectr9600\debug\.netframework,version=v4.6.1.assemblyattributes.asm
c:\users\hp\source\repos\spectr9600\debug\spectr9600.exe
c:\users\hp\source\repos\spectr9600\debug\spectr9600.pdb
c:\users\hp\source\repos\spectr9600\spectr9600\debug\spectr9600.myform.resources
c:\users\hp\source\repos\spectr9600\spectr9600\debug\spectr9600.vcxproj.generateresource.cache
c:\users\hp\source\repos\spectr9600\spectr9600\debug\spectr9600.vcxprojassemblyreference.cache
c:\users\hp\source\repos\spectr9600\spectr9600\debug\spectr9600.tlog\cl.command.1.tlog
c:\users\hp\source\repos\spectr9600\spectr9600\debug\spectr9600.tlog\cl.read.1.tlog
c:\users\hp\source\repos\spectr9600\spectr9600\debug\spectr9600.tlog\cl.write.1.tlog
c:\users\hp\source\repos\spectr9600\spectr9600\debug\spectr9600.tlog\link.command.1.tlog
c:\users\hp\source\repos\spectr9600\spectr9600\debug\spectr9600.tlog\link.read.1.tlog
c:\users\hp\source\repos\spectr9600\spectr9600\debug\spectr9600.tlog\link.write.1.tlog
c:\users\hp\source\repos\spectr9600\spectr9600\debug\spectr9600.tlog\metagen.read.1.tlog
c:\users\hp\source\repos\spectr9600\spectr9600\debug\spectr9600.tlog\metagen.write.1.tlog
c:\users\hp\source\repos\spectr9600\spectr9600\debug\spectr9600.tlog\spectr9600.write.1u.tlog
